The system is: Darwin - 19.0.0 - x86_64
Compiling the C compiler identification source file "CMakeCCompilerId.c" succeeded.
Compiler:  
Build flags: 
Id flags:  

The output was:
0
2020-02-18 09:25:08.337 xcodebuild[6130:321068]  iOSSimulator: [SimServiceContext sharedServiceContextForDeveloperDir:error:] returned nil (Error Domain=DVTCoreSimulatorAdditionsErrorDomain Code=3 "CoreSimulator is out of date. Current version (587.35.0) is older than build version (681.17.2)." UserInfo={NSLocalizedDescription=CoreSimulator is out of date. Current version (587.35.0) is older than build version (681.17.2).}). Simulator device support disabled.
note: Using new build system
note: Planning build
note: Constructing build description
warning: Traditional headermap style is no longer supported; please migrate to using separate headermaps and set 'ALWAYS_SEARCH_USER_PATHS' to NO. (in target 'CompilerIdC' from project 'CompilerIdC')
CreateBuildDirectory /Users/yumeng/Desktop/specularAA/build/CMakeFiles/3.17.0-rc1/CompilerIdC (in target 'CompilerIdC' from project 'CompilerIdC')
    cd /Users/yumeng/Desktop/specularAA/build/CMakeFiles/3.17.0-rc1/CompilerIdC
    builtin-create-build-directory /Users/yumeng/Desktop/specularAA/build/CMakeFiles/3.17.0-rc1/CompilerIdC

WriteAuxiliaryFile /Users/yumeng/Desktop/specularAA/build/CMakeFiles/3.17.0-rc1/CompilerIdC/CompilerIdC.build/Debug/CompilerIdC.build/CompilerIdC-generated-files.hmap (in target 'CompilerIdC' from project 'CompilerIdC')
    cd /Users/yumeng/Desktop/specularAA/build/CMakeFiles/3.17.0-rc1/CompilerIdC
    write-file /Users/yumeng/Desktop/specularAA/build/CMakeFiles/3.17.0-rc1/CompilerIdC/CompilerIdC.build/Debug/CompilerIdC.build/CompilerIdC-generated-files.hmap

WriteAuxiliaryFile /Users/yumeng/Desktop/specularAA/build/CMakeFiles/3.17.0-rc1/CompilerIdC/CompilerIdC.build/Debug/CompilerIdC.build/all-product-headers.yaml (in target 'CompilerIdC' from project 'CompilerIdC')
    cd /Users/yumeng/Desktop/specularAA/build/CMakeFiles/3.17.0-rc1/CompilerIdC
    write-file /Users/yumeng/Desktop/specularAA/build/CMakeFiles/3.17.0-rc1/CompilerIdC/CompilerIdC.build/Debug/CompilerIdC.build/all-product-headers.yaml

WriteAuxiliaryFile /Users/yumeng/Desktop/specularAA/build/CMakeFiles/3.17.0-rc1/CompilerIdC/CompilerIdC.build/Debug/CompilerIdC.build/CompilerIdC-project-headers.hmap (in target 'CompilerIdC' from project 'CompilerIdC')
    cd /Users/yumeng/Desktop/specularAA/build/CMakeFiles/3.17.0-rc1/CompilerIdC
    write-file /Users/yumeng/Desktop/specularAA/build/CMakeFiles/3.17.0-rc1/CompilerIdC/CompilerIdC.build/Debug/CompilerIdC.build/CompilerIdC-project-headers.hmap

WriteAuxiliaryFile /Users/yumeng/Desktop/specularAA/build/CMakeFiles/3.17.0-rc1/CompilerIdC/CompilerIdC.build/Debug/CompilerIdC.build/CompilerIdC-all-target-headers.hmap (in target 'CompilerIdC' from project 'CompilerIdC')
    cd /Users/yumeng/Desktop/specularAA/build/CMakeFiles/3.17.0-rc1/CompilerIdC
    write-file /Users/yumeng/Desktop/specularAA/build/CMakeFiles/3.17.0-rc1/CompilerIdC/CompilerIdC.build/Debug/CompilerIdC.build/CompilerIdC-all-target-headers.hmap

WriteAuxiliaryFile /Users/yumeng/Desktop/specularAA/build/CMakeFiles/3.17.0-rc1/CompilerIdC/CompilerIdC.build/Debug/CompilerIdC.build/CompilerIdC-own-target-headers.hmap (in target 'CompilerIdC' from project 'CompilerIdC')
    cd /Users/yumeng/Desktop/specularAA/build/CMakeFiles/3.17.0-rc1/CompilerIdC
    write-file /Users/yumeng/Desktop/specularAA/build/CMakeFiles/3.17.0-rc1/CompilerIdC/CompilerIdC.build/Debug/CompilerIdC.build/CompilerIdC-own-target-headers.hmap

WriteAuxiliaryFile /Users/yumeng/Desktop/specularAA/build/CMakeFiles/3.17.0-rc1/CompilerIdC/CompilerIdC.build/Debug/CompilerIdC.build/CompilerIdC.hmap (in target 'CompilerIdC' from project 'CompilerIdC')
    cd /Users/yumeng/Desktop/specularAA/build/CMakeFiles/3.17.0-rc1/CompilerIdC
    write-file /Users/yumeng/Desktop/specularAA/build/CMakeFiles/3.17.0-rc1/CompilerIdC/CompilerIdC.build/Debug/CompilerIdC.build/CompilerIdC.hmap

WriteAuxiliaryFile /Users/yumeng/Desktop/specularAA/build/CMakeFiles/3.17.0-rc1/CompilerIdC/CompilerIdC.build/Debug/CompilerIdC.build/CompilerIdC-all-non-framework-target-headers.hmap (in target 'CompilerIdC' from project 'CompilerIdC')
    cd /Users/yumeng/Desktop/specularAA/build/CMakeFiles/3.17.0-rc1/CompilerIdC
    write-file /Users/yumeng/Desktop/specularAA/build/CMakeFiles/3.17.0-rc1/CompilerIdC/CompilerIdC.build/Debug/CompilerIdC.build/CompilerIdC-all-non-framework-target-headers.hmap

WriteAuxiliaryFile /Users/yumeng/Desktop/specularAA/build/CMakeFiles/3.17.0-rc1/CompilerIdC/CompilerIdC.build/Debug/CompilerIdC.build/Objects-normal/x86_64/CompilerIdC.LinkFileList (in target 'CompilerIdC' from project 'CompilerIdC')
    cd /Users/yumeng/Desktop/specularAA/build/CMakeFiles/3.17.0-rc1/CompilerIdC
    write-file /Users/yumeng/Desktop/specularAA/build/CMakeFiles/3.17.0-rc1/CompilerIdC/CompilerIdC.build/Debug/CompilerIdC.build/Objects-normal/x86_64/CompilerIdC.LinkFileList

CompileC /Users/yumeng/Desktop/specularAA/build/CMakeFiles/3.17.0-rc1/CompilerIdC/CompilerIdC.build/Debug/CompilerIdC.build/Objects-normal/x86_64/CMakeCCompilerId.o /Users/yumeng/Desktop/specularAA/build/CMakeFiles/3.17.0-rc1/CompilerIdC/CMakeCCompilerId.c normal x86_64 c com.apple.compilers.llvm.clang.1_0.compiler (in target 'CompilerIdC' from project 'CompilerIdC')
    cd /Users/yumeng/Desktop/specularAA/build/CMakeFiles/3.17.0-rc1/CompilerIdC
    export LANG=en_US.US-ASCII
    /Applications/Xcode.app/Contents/Developer/Toolchains/XcodeDefault.xctoolchain/usr/bin/clang -x c -target x86_64-apple-macos10.15 -fmessage-length=0 -fdiagnostics-show-note-include-stack -fmacro-backtrace-limit=0 -Wno-trigraphs -fpascal-strings -Os -Wno-missing-field-initializers -Wno-missing-prototypes -Wno-return-type -Wno-missing-braces -Wparentheses -Wswitch -Wno-unused-function -Wno-unused-label -Wno-unused-parameter -Wno-unused-variable -Wunused-value -Wno-empty-body -Wno-uninitialized -Wno-unknown-pragmas -Wno-shadow -Wno-four-char-constants -Wno-conversion -Wno-constant-conversion -Wno-int-conversion -Wno-bool-conversion -Wno-enum-conversion -Wno-float-conversion -Wno-non-literal-null-conversion -Wno-objc-literal-conversion -Wno-shorten-64-to-32 -Wpointer-sign -Wno-newline-eof -isysroot /Applications/Xcode.app/Contents/Developer/Platforms/MacOSX.platform/Developer/SDKs/MacOSX10.15.sdk -fasm-blocks -fstrict-aliasing -Wdeprecated-declarations -g -fvisibility=hidden -Wno-sign-conversion -Wno-infinite-recursion -Wno-comma -Wno-block-capture-autoreleasing -Wno-strict-prototypes -Wno-semicolon-before-method-body -iquote /Users/yumeng/Desktop/specularAA/build/CMakeFiles/3.17.0-rc1/CompilerIdC/CompilerIdC.build/Debug/CompilerIdC.build/CompilerIdC-generated-files.hmap -I/Users/yumeng/Desktop/specularAA/build/CMakeFiles/3.17.0-rc1/CompilerIdC/CompilerIdC.build/Debug/CompilerIdC.build/CompilerIdC-own-target-headers.hmap -I/Users/yumeng/Desktop/specularAA/build/CMakeFiles/3.17.0-rc1/CompilerIdC/CompilerIdC.build/Debug/CompilerIdC.build/CompilerIdC-all-target-headers.hmap -iquote /Users/yumeng/Desktop/specularAA/build/CMakeFiles/3.17.0-rc1/CompilerIdC/CompilerIdC.build/Debug/CompilerIdC.build/CompilerIdC-project-headers.hmap -I/Users/yumeng/Desktop/specularAA/build/CMakeFiles/3.17.0-rc1/CompilerIdC/include -I/Users/yumeng/Desktop/specularAA/build/CMakeFiles/3.17.0-rc1/CompilerIdC/CompilerIdC.build/Debug/CompilerIdC.build/DerivedSources-normal/x86_64 -I/Users/yumeng/Desktop/specularAA/build/CMakeFiles/3.17.0-rc1/CompilerIdC/CompilerIdC.build/Debug/CompilerIdC.build/DerivedSources/x86_64 -I/Users/yumeng/Desktop/specularAA/build/CMakeFiles/3.17.0-rc1/CompilerIdC/CompilerIdC.build/Debug/CompilerIdC.build/DerivedSources -F/Users/yumeng/Desktop/specularAA/build/CMakeFiles/3.17.0-rc1/CompilerIdC -MMD -MT dependencies -MF /Users/yumeng/Desktop/specularAA/build/CMakeFiles/3.17.0-rc1/CompilerIdC/CompilerIdC.build/Debug/CompilerIdC.build/Objects-normal/x86_64/CMakeCCompilerId.d --serialize-diagnostics /Users/yumeng/Desktop/specularAA/build/CMakeFiles/3.17.0-rc1/CompilerIdC/CompilerIdC.build/Debug/CompilerIdC.build/Objects-normal/x86_64/CMakeCCompilerId.dia -c /Users/yumeng/Desktop/specularAA/build/CMakeFiles/3.17.0-rc1/CompilerIdC/CMakeCCompilerId.c -o /Users/yumeng/Desktop/specularAA/build/CMakeFiles/3.17.0-rc1/CompilerIdC/CompilerIdC.build/Debug/CompilerIdC.build/Objects-normal/x86_64/CMakeCCompilerId.o

Ld /Users/yumeng/Desktop/specularAA/build/CMakeFiles/3.17.0-rc1/CompilerIdC/CompilerIdC normal x86_64 (in target 'CompilerIdC' from project 'CompilerIdC')
    cd /Users/yumeng/Desktop/specularAA/build/CMakeFiles/3.17.0-rc1/CompilerIdC
    /Applications/Xcode.app/Contents/Developer/Toolchains/XcodeDefault.xctoolchain/usr/bin/clang -target x86_64-apple-macos10.15 -isysroot /Applications/Xcode.app/Contents/Developer/Platforms/MacOSX.platform/Developer/SDKs/MacOSX10.15.sdk -L/Users/yumeng/Desktop/specularAA/build/CMakeFiles/3.17.0-rc1/CompilerIdC -F/Users/yumeng/Desktop/specularAA/build/CMakeFiles/3.17.0-rc1/CompilerIdC -filelist /Users/yumeng/Desktop/specularAA/build/CMakeFiles/3.17.0-rc1/CompilerIdC/CompilerIdC.build/Debug/CompilerIdC.build/Objects-normal/x86_64/CompilerIdC.LinkFileList -Xlinker -object_path_lto -Xlinker /Users/yumeng/Desktop/specularAA/build/CMakeFiles/3.17.0-rc1/CompilerIdC/CompilerIdC.build/Debug/CompilerIdC.build/Objects-normal/x86_64/CompilerIdC_lto.o -Xlinker -dependency_info -Xlinker /Users/yumeng/Desktop/specularAA/build/CMakeFiles/3.17.0-rc1/CompilerIdC/CompilerIdC.build/Debug/CompilerIdC.build/Objects-normal/x86_64/CompilerIdC_dependency_info.dat -o /Users/yumeng/Desktop/specularAA/build/CMakeFiles/3.17.0-rc1/CompilerIdC/CompilerIdC

WriteAuxiliaryFile /Users/yumeng/Desktop/specularAA/build/CMakeFiles/3.17.0-rc1/CompilerIdC/CompilerIdC.build/Debug/CompilerIdC.build/Script-2C8FEB8E15DC1A1A00E56A5D.sh (in target 'CompilerIdC' from project 'CompilerIdC')
    cd /Users/yumeng/Desktop/specularAA/build/CMakeFiles/3.17.0-rc1/CompilerIdC
    write-file /Users/yumeng/Desktop/specularAA/build/CMakeFiles/3.17.0-rc1/CompilerIdC/CompilerIdC.build/Debug/CompilerIdC.build/Script-2C8FEB8E15DC1A1A00E56A5D.sh

PhaseScriptExecution Run\ Script /Users/yumeng/Desktop/specularAA/build/CMakeFiles/3.17.0-rc1/CompilerIdC/CompilerIdC.build/Debug/CompilerIdC.build/Script-2C8FEB8E15DC1A1A00E56A5D.sh (in target 'CompilerIdC' from project 'CompilerIdC')
    cd /Users/yumeng/Desktop/specularAA/build/CMakeFiles/3.17.0-rc1/CompilerIdC
    /bin/sh -c /Users/yumeng/Desktop/specularAA/build/CMakeFiles/3.17.0-rc1/CompilerIdC/CompilerIdC.build/Debug/CompilerIdC.build/Script-2C8FEB8E15DC1A1A00E56A5D.sh
GCC_VERSION=com.apple.compilers.llvm.clang.1_0
ARCHS=x86_64

RegisterExecutionPolicyException /Users/yumeng/Desktop/specularAA/build/CMakeFiles/3.17.0-rc1/CompilerIdC/CompilerIdC (in target 'CompilerIdC' from project 'CompilerIdC')
    cd /Users/yumeng/Desktop/specularAA/build/CMakeFiles/3.17.0-rc1/CompilerIdC
    builtin-RegisterExecutionPolicyException /Users/yumeng/Desktop/specularAA/build/CMakeFiles/3.17.0-rc1/CompilerIdC/CompilerIdC
note: Execution policy exception registration failed and was skipped: Error Domain=NSPOSIXErrorDomain Code=1 "Operation not permitted" (in target 'CompilerIdC' from project 'CompilerIdC')

** BUILD SUCCEEDED **



Compilation of the C compiler identification source "CMakeCCompilerId.c" produced "CompilerIdC"

The C compiler identification is AppleClang, found in "/Users/yumeng/Desktop/specularAA/build/CMakeFiles/3.17.0-rc1/CompilerIdC/CompilerIdC"

Determining if the C compiler works passed with the following output:
Change Dir: /Users/yumeng/Desktop/specularAA/build/CMakeFiles/CMakeTmp

Run Build Command(s):/usr/bin/xcodebuild -project CMAKE_TRY_COMPILE.xcodeproj build -target cmTC_db952 -configuration Debug -hideShellScriptEnvironment && 2020-02-18 09:25:11.943 xcodebuild[6146:321399]  iOSSimulator: [SimServiceContext sharedServiceContextForDeveloperDir:error:] returned nil (Error Domain=DVTCoreSimulatorAdditionsErrorDomain Code=3 "CoreSimulator is out of date. Current version (587.35.0) is older than build version (681.17.2)." UserInfo={NSLocalizedDescription=CoreSimulator is out of date. Current version (587.35.0) is older than build version (681.17.2).}). Simulator device support disabled.
User defaults from command line:
    HideShellScriptEnvironment = YES

Prepare build
note: Using legacy build system
=== BUILD TARGET cmTC_db952 OF PROJECT CMAKE_TRY_COMPILE WITH CONFIGURATION Debug ===

Check dependencies

Write auxiliary files
/bin/mkdir -p /Users/yumeng/Desktop/specularAA/build/CMakeFiles/CMakeTmp/CMAKE_TRY_COMPILE.build/Debug/cmTC_db952.build/Objects-normal/x86_64
write-file /Users/yumeng/Desktop/specularAA/build/CMakeFiles/CMakeTmp/CMAKE_TRY_COMPILE.build/Debug/cmTC_db952.build/Objects-normal/x86_64/cmTC_db952.LinkFileList

CompileC CMAKE_TRY_COMPILE.build/Debug/cmTC_db952.build/Objects-normal/x86_64/testCCompiler.o testCCompiler.c normal x86_64 c com.apple.compilers.llvm.clang.1_0.compiler
    cd /Users/yumeng/Desktop/specularAA/build/CMakeFiles/CMakeTmp
    /Applications/Xcode.app/Contents/Developer/Toolchains/XcodeDefault.xctoolchain/usr/bin/clang -x c -target x86_64-apple-macos10.15 -fmessage-length=0 -fdiagnostics-show-note-include-stack -fmacro-backtrace-limit=0 -Wno-trigraphs -fpascal-strings -O0 -Wno-missing-field-initializers -Wno-missing-prototypes -Wno-return-type -Wno-missing-braces -Wparentheses -Wswitch -Wno-unused-function -Wno-unused-label -Wno-unused-parameter -Wno-unused-variable -Wunused-value -Wno-empty-body -Wno-uninitialized -Wno-unknown-pragmas -Wno-shadow -Wno-four-char-constants -Wno-conversion -Wno-constant-conversion -Wno-int-conversion -Wno-bool-conversion -Wno-enum-conversion -Wno-float-conversion -Wno-non-literal-null-conversion -Wno-objc-literal-conversion -Wno-shorten-64-to-32 -Wpointer-sign -Wno-newline-eof -DCMAKE_INTDIR=\"Debug\" -isysroot /Applications/Xcode.app/Contents/Developer/Platforms/MacOSX.platform/Developer/SDKs/MacOSX10.15.sdk -fasm-blocks -fstrict-aliasing -Wdeprecated-declarations -g -Wno-sign-conversion -Wno-infinite-recursion -Wno-comma -Wno-block-capture-autoreleasing -Wno-strict-prototypes -Wno-semicolon-before-method-body -I/Users/yumeng/Desktop/specularAA/build/CMakeFiles/CMakeTmp/Debug/include -I/Users/yumeng/Desktop/specularAA/build/CMakeFiles/CMakeTmp/CMAKE_TRY_COMPILE.build/Debug/cmTC_db952.build/DerivedSources-normal/x86_64 -I/Users/yumeng/Desktop/specularAA/build/CMakeFiles/CMakeTmp/CMAKE_TRY_COMPILE.build/Debug/cmTC_db952.build/DerivedSources/x86_64 -I/Users/yumeng/Desktop/specularAA/build/CMakeFiles/CMakeTmp/CMAKE_TRY_COMPILE.build/Debug/cmTC_db952.build/DerivedSources -F/Users/yumeng/Desktop/specularAA/build/CMakeFiles/CMakeTmp/Debug -MMD -MT dependencies -MF /Users/yumeng/Desktop/specularAA/build/CMakeFiles/CMakeTmp/CMAKE_TRY_COMPILE.build/Debug/cmTC_db952.build/Objects-normal/x86_64/testCCompiler.d --serialize-diagnostics /Users/yumeng/Desktop/specularAA/build/CMakeFiles/CMakeTmp/CMAKE_TRY_COMPILE.build/Debug/cmTC_db952.build/Objects-normal/x86_64/testCCompiler.dia -c /Users/yumeng/Desktop/specularAA/build/CMakeFiles/CMakeTmp/testCCompiler.c -o /Users/yumeng/Desktop/specularAA/build/CMakeFiles/CMakeTmp/CMAKE_TRY_COMPILE.build/Debug/cmTC_db952.build/Objects-normal/x86_64/testCCompiler.o

Ld Debug/cmTC_db952 normal x86_64
    cd /Users/yumeng/Desktop/specularAA/build/CMakeFiles/CMakeTmp
    /Applications/Xcode.app/Contents/Developer/Toolchains/XcodeDefault.xctoolchain/usr/bin/clang -target x86_64-apple-macos10.15 -isysroot /Applications/Xcode.app/Contents/Developer/Platforms/MacOSX.platform/Developer/SDKs/MacOSX10.15.sdk -L/Users/yumeng/Desktop/specularAA/build/CMakeFiles/CMakeTmp/Debug -F/Users/yumeng/Desktop/specularAA/build/CMakeFiles/CMakeTmp/Debug -filelist /Users/yumeng/Desktop/specularAA/build/CMakeFiles/CMakeTmp/CMAKE_TRY_COMPILE.build/Debug/cmTC_db952.build/Objects-normal/x86_64/cmTC_db952.LinkFileList -Xlinker -object_path_lto -Xlinker /Users/yumeng/Desktop/specularAA/build/CMakeFiles/CMakeTmp/CMAKE_TRY_COMPILE.build/Debug/cmTC_db952.build/Objects-normal/x86_64/cmTC_db952_lto.o -Xlinker -no_deduplicate -Wl,-search_paths_first -Wl,-headerpad_max_install_names -Xlinker -dependency_info -Xlinker /Users/yumeng/Desktop/specularAA/build/CMakeFiles/CMakeTmp/CMAKE_TRY_COMPILE.build/Debug/cmTC_db952.build/Objects-normal/x86_64/cmTC_db952_dependency_info.dat -o /Users/yumeng/Desktop/specularAA/build/CMakeFiles/CMakeTmp/Debug/cmTC_db952

ProcessProductPackaging "" CMAKE_TRY_COMPILE.build/Debug/cmTC_db952.build/cmTC_db952.xcent
    cd /Users/yumeng/Desktop/specularAA/build/CMakeFiles/CMakeTmp
    

Entitlements:

{
    "com.apple.security.get-task-allow" = 1;
}


    builtin-productPackagingUtility -entitlements -format xml -o /Users/yumeng/Desktop/specularAA/build/CMakeFiles/CMakeTmp/CMAKE_TRY_COMPILE.build/Debug/cmTC_db952.build/cmTC_db952.xcent

CodeSign Debug/cmTC_db952
    cd /Users/yumeng/Desktop/specularAA/build/CMakeFiles/CMakeTmp
    
Signing Identity:     "-"

    /usr/bin/codesign --force --sign - --entitlements /Users/yumeng/Desktop/specularAA/build/CMakeFiles/CMakeTmp/CMAKE_TRY_COMPILE.build/Debug/cmTC_db952.build/cmTC_db952.xcent --timestamp=none /Users/yumeng/Desktop/specularAA/build/CMakeFiles/CMakeTmp/Debug/cmTC_db952

** BUILD SUCCEEDED **




Detecting C compiler ABI info compiled with the following output:
Change Dir: /Users/yumeng/Desktop/specularAA/build/CMakeFiles/CMakeTmp

Run Build Command(s):/usr/bin/xcodebuild -project CMAKE_TRY_COMPILE.xcodeproj build -target cmTC_21b4e -configuration Debug -hideShellScriptEnvironment && 2020-02-18 09:25:12.770 xcodebuild[6163:321583]  iOSSimulator: [SimServiceContext sharedServiceContextForDeveloperDir:error:] returned nil (Error Domain=DVTCoreSimulatorAdditionsErrorDomain Code=3 "CoreSimulator is out of date. Current version (587.35.0) is older than build version (681.17.2)." UserInfo={NSLocalizedDescription=CoreSimulator is out of date. Current version (587.35.0) is older than build version (681.17.2).}). Simulator device support disabled.
User defaults from command line:
    HideShellScriptEnvironment = YES

Prepare build
note: Using legacy build system
=== BUILD TARGET cmTC_21b4e OF PROJECT CMAKE_TRY_COMPILE WITH CONFIGURATION Debug ===

Check dependencies

Write auxiliary files
/bin/mkdir -p /Users/yumeng/Desktop/specularAA/build/CMakeFiles/CMakeTmp/CMAKE_TRY_COMPILE.build/Debug/cmTC_21b4e.build/Objects-normal/x86_64
write-file /Users/yumeng/Desktop/specularAA/build/CMakeFiles/CMakeTmp/CMAKE_TRY_COMPILE.build/Debug/cmTC_21b4e.build/Objects-normal/x86_64/cmTC_21b4e.LinkFileList

CompileC CMAKE_TRY_COMPILE.build/Debug/cmTC_21b4e.build/Objects-normal/x86_64/CMakeCCompilerABI.o /Applications/CMake.app/Contents/share/cmake-3.17/Modules/CMakeCCompilerABI.c normal x86_64 c com.apple.compilers.llvm.clang.1_0.compiler
    cd /Users/yumeng/Desktop/specularAA/build/CMakeFiles/CMakeTmp
    /Applications/Xcode.app/Contents/Developer/Toolchains/XcodeDefault.xctoolchain/usr/bin/clang -x c -target x86_64-apple-macos10.15 -fmessage-length=0 -fdiagnostics-show-note-include-stack -fmacro-backtrace-limit=0 -Wno-trigraphs -fpascal-strings -O0 -Wno-missing-field-initializers -Wno-missing-prototypes -Wno-return-type -Wno-missing-braces -Wparentheses -Wswitch -Wno-unused-function -Wno-unused-label -Wno-unused-parameter -Wno-unused-variable -Wunused-value -Wno-empty-body -Wno-uninitialized -Wno-unknown-pragmas -Wno-shadow -Wno-four-char-constants -Wno-conversion -Wno-constant-conversion -Wno-int-conversion -Wno-bool-conversion -Wno-enum-conversion -Wno-float-conversion -Wno-non-literal-null-conversion -Wno-objc-literal-conversion -Wno-shorten-64-to-32 -Wpointer-sign -Wno-newline-eof -DCMAKE_INTDIR=\"Debug\" -isysroot /Applications/Xcode.app/Contents/Developer/Platforms/MacOSX.platform/Developer/SDKs/MacOSX10.15.sdk -fasm-blocks -fstrict-aliasing -Wdeprecated-declarations -g -Wno-sign-conversion -Wno-infinite-recursion -Wno-comma -Wno-block-capture-autoreleasing -Wno-strict-prototypes -Wno-semicolon-before-method-body -I/Users/yumeng/Desktop/specularAA/build/CMakeFiles/CMakeTmp/Debug/include -I/Users/yumeng/Desktop/specularAA/build/CMakeFiles/CMakeTmp/CMAKE_TRY_COMPILE.build/Debug/cmTC_21b4e.build/DerivedSources-normal/x86_64 -I/Users/yumeng/Desktop/specularAA/build/CMakeFiles/CMakeTmp/CMAKE_TRY_COMPILE.build/Debug/cmTC_21b4e.build/DerivedSources/x86_64 -I/Users/yumeng/Desktop/specularAA/build/CMakeFiles/CMakeTmp/CMAKE_TRY_COMPILE.build/Debug/cmTC_21b4e.build/DerivedSources -F/Users/yumeng/Desktop/specularAA/build/CMakeFiles/CMakeTmp/Debug -v -Wl,-v -MMD -MT dependencies -MF /Users/yumeng/Desktop/specularAA/build/CMakeFiles/CMakeTmp/CMAKE_TRY_COMPILE.build/Debug/cmTC_21b4e.build/Objects-normal/x86_64/CMakeCCompilerABI.d --serialize-diagnostics /Users/yumeng/Desktop/specularAA/build/CMakeFiles/CMakeTmp/CMAKE_TRY_COMPILE.build/Debug/cmTC_21b4e.build/Objects-normal/x86_64/CMakeCCompilerABI.dia -c /Applications/CMake.app/Contents/share/cmake-3.17/Modules/CMakeCCompilerABI.c -o /Users/yumeng/Desktop/specularAA/build/CMakeFiles/CMakeTmp/CMAKE_TRY_COMPILE.build/Debug/cmTC_21b4e.build/Objects-normal/x86_64/CMakeCCompilerABI.o
Apple clang version 11.0.0 (clang-1100.0.33.17)
Target: x86_64-apple-macos10.15
Thread model: posix
InstalledDir: /Applications/Xcode.app/Contents/Developer/Toolchains/XcodeDefault.xctoolchain/usr/bin
clang: warning: -Wl,-v: 'linker' input unused [-Wunused-command-line-argument]
 "/Applications/Xcode.app/Contents/Developer/Toolchains/XcodeDefault.xctoolchain/usr/bin/clang" -cc1 -triple x86_64-apple-macosx10.15.0 -Wdeprecated-objc-isa-usage -Werror=deprecated-objc-isa-usage -emit-obj -mrelax-all -disable-free -disable-llvm-verifier -discard-value-names -main-file-name CMakeCCompilerABI.c -mrelocation-model pic -pic-level 2 -mthread-model posix -mdisable-fp-elim -fno-strict-return -masm-verbose -munwind-tables -target-sdk-version=10.15 -target-cpu penryn -dwarf-column-info -debug-info-kind=standalone -dwarf-version=4 -debugger-tuning=lldb -ggnu-pubnames -target-linker-version 530 -v -coverage-notes-file /Users/yumeng/Desktop/specularAA/build/CMakeFiles/CMakeTmp/CMAKE_TRY_COMPILE.build/Debug/cmTC_21b4e.build/Objects-normal/x86_64/CMakeCCompilerABI.gcno -resource-dir /Applications/Xcode.app/Contents/Developer/Toolchains/XcodeDefault.xctoolchain/usr/lib/clang/11.0.0 -dependency-file /Users/yumeng/Desktop/specularAA/build/CMakeFiles/CMakeTmp/CMAKE_TRY_COMPILE.build/Debug/cmTC_21b4e.build/Objects-normal/x86_64/CMakeCCompilerABI.d -skip-unused-modulemap-deps -MT dependencies -isysroot /Applications/Xcode.app/Contents/Developer/Platforms/MacOSX.platform/Developer/SDKs/MacOSX10.15.sdk -D "CMAKE_INTDIR=\"Debug\"" -I /Users/yumeng/Desktop/specularAA/build/CMakeFiles/CMakeTmp/Debug/include -I /Users/yumeng/Desktop/specularAA/build/CMakeFiles/CMakeTmp/CMAKE_TRY_COMPILE.build/Debug/cmTC_21b4e.build/DerivedSources-normal/x86_64 -I /Users/yumeng/Desktop/specularAA/build/CMakeFiles/CMakeTmp/CMAKE_TRY_COMPILE.build/Debug/cmTC_21b4e.build/DerivedSources/x86_64 -I /Users/yumeng/Desktop/specularAA/build/CMakeFiles/CMakeTmp/CMAKE_TRY_COMPILE.build/Debug/cmTC_21b4e.build/DerivedSources -F/Users/yumeng/Desktop/specularAA/build/CMakeFiles/CMakeTmp/Debug -O0 -Wno-trigraphs -Wno-missing-field-initializers -Wno-missing-prototypes -Wno-return-type -Wno-missing-braces -Wparentheses -Wswitch -Wno-unused-function -Wno-unused-label -Wno-unused-parameter -Wno-unused-variable -Wunused-value -Wno-empty-body -Wno-uninitialized -Wno-unknown-pragmas -Wno-shadow -Wno-four-char-constants -Wno-conversion -Wno-constant-conversion -Wno-int-conversion -Wno-bool-conversion -Wno-enum-conversion -Wno-float-conversion -Wno-non-literal-null-conversion -Wno-objc-literal-conversion -Wno-shorten-64-to-32 -Wpointer-sign -Wno-newline-eof -Wdeprecated-declarations -Wno-sign-conversion -Wno-infinite-recursion -Wno-comma -Wno-block-capture-autoreleasing -Wno-strict-prototypes -Wno-semicolon-before-method-body -Wno-framework-include-private-from-public -Wno-atimport-in-framework-header -Wno-extra-semi-stmt -Wno-quoted-include-in-framework-header -fdebug-compilation-dir /Users/yumeng/Desktop/specularAA/build/CMakeFiles/CMakeTmp -ferror-limit 19 -fmacro-backtrace-limit 0 -fmessage-length 0 -stack-protector 1 -fstack-check -mdarwin-stkchk-strong-link -fblocks -fencode-extended-block-signature -fregister-global-dtors-with-atexit -fobjc-runtime=macosx-10.15.0 -fpascal-strings -fmax-type-align=16 -fdiagnostics-show-option -fdiagnostics-show-note-include-stack -fasm-blocks -serialize-diagnostic-file /Users/yumeng/Desktop/specularAA/build/CMakeFiles/CMakeTmp/CMAKE_TRY_COMPILE.build/Debug/cmTC_21b4e.build/Objects-normal/x86_64/CMakeCCompilerABI.dia -o /Users/yumeng/Desktop/specularAA/build/CMakeFiles/CMakeTmp/CMAKE_TRY_COMPILE.build/Debug/cmTC_21b4e.build/Objects-normal/x86_64/CMakeCCompilerABI.o -x c /Applications/CMake.app/Contents/share/cmake-3.17/Modules/CMakeCCompilerABI.c
clang -cc1 version 11.0.0 (clang-1100.0.33.17) default target x86_64-apple-darwin19.0.0
ignoring nonexistent directory "/Users/yumeng/Desktop/specularAA/build/CMakeFiles/CMakeTmp/Debug/include"
ignoring nonexistent directory "/Users/yumeng/Desktop/specularAA/build/CMakeFiles/CMakeTmp/CMAKE_TRY_COMPILE.build/Debug/cmTC_21b4e.build/DerivedSources-normal/x86_64"
ignoring nonexistent directory "/Users/yumeng/Desktop/specularAA/build/CMakeFiles/CMakeTmp/CMAKE_TRY_COMPILE.build/Debug/cmTC_21b4e.build/DerivedSources/x86_64"
ignoring nonexistent directory "/Users/yumeng/Desktop/specularAA/build/CMakeFiles/CMakeTmp/CMAKE_TRY_COMPILE.build/Debug/cmTC_21b4e.build/DerivedSources"
ignoring nonexistent directory "/Users/yumeng/Desktop/specularAA/build/CMakeFiles/CMakeTmp/Debug"
ignoring nonexistent directory "/Applications/Xcode.app/Contents/Developer/Platforms/MacOSX.platform/Developer/SDKs/MacOSX10.15.sdk/usr/local/include"
ignoring nonexistent directory "/Applications/Xcode.app/Contents/Developer/Platforms/MacOSX.platform/Developer/SDKs/MacOSX10.15.sdk/Library/Frameworks"
#include "..." search starts here:
#include <...> search starts here:
 /Applications/Xcode.app/Contents/Developer/Toolchains/XcodeDefault.xctoolchain/usr/lib/clang/11.0.0/include
 /Applications/Xcode.app/Contents/Developer/Toolchains/XcodeDefault.xctoolchain/usr/include
 /Applications/Xcode.app/Contents/Developer/Platforms/MacOSX.platform/Developer/SDKs/MacOSX10.15.sdk/usr/include
 /Applications/Xcode.app/Contents/Developer/Platforms/MacOSX.platform/Developer/SDKs/MacOSX10.15.sdk/System/Library/Frameworks (framework directory)
End of search list.

Ld Debug/cmTC_21b4e normal x86_64
    cd /Users/yumeng/Desktop/specularAA/build/CMakeFiles/CMakeTmp
    /Applications/Xcode.app/Contents/Developer/Toolchains/XcodeDefault.xctoolchain/usr/bin/clang -target x86_64-apple-macos10.15 -isysroot /Applications/Xcode.app/Contents/Developer/Platforms/MacOSX.platform/Developer/SDKs/MacOSX10.15.sdk -L/Users/yumeng/Desktop/specularAA/build/CMakeFiles/CMakeTmp/Debug -F/Users/yumeng/Desktop/specularAA/build/CMakeFiles/CMakeTmp/Debug -filelist /Users/yumeng/Desktop/specularAA/build/CMakeFiles/CMakeTmp/CMAKE_TRY_COMPILE.build/Debug/cmTC_21b4e.build/Objects-normal/x86_64/cmTC_21b4e.LinkFileList -Xlinker -object_path_lto -Xlinker /Users/yumeng/Desktop/specularAA/build/CMakeFiles/CMakeTmp/CMAKE_TRY_COMPILE.build/Debug/cmTC_21b4e.build/Objects-normal/x86_64/cmTC_21b4e_lto.o -Xlinker -no_deduplicate -v -Wl,-v -Wl,-search_paths_first -Wl,-headerpad_max_install_names -Xlinker -dependency_info -Xlinker /Users/yumeng/Desktop/specularAA/build/CMakeFiles/CMakeTmp/CMAKE_TRY_COMPILE.build/Debug/cmTC_21b4e.build/Objects-normal/x86_64/cmTC_21b4e_dependency_info.dat -o /Users/yumeng/Desktop/specularAA/build/CMakeFiles/CMakeTmp/Debug/cmTC_21b4e
Apple clang version 11.0.0 (clang-1100.0.33.17)
Target: x86_64-apple-macos10.15
Thread model: posix
InstalledDir: /Applications/Xcode.app/Contents/Developer/Toolchains/XcodeDefault.xctoolchain/usr/bin
 "/Applications/Xcode.app/Contents/Developer/Toolchains/XcodeDefault.xctoolchain/usr/bin/ld" -demangle -lto_library /Applications/Xcode.app/Contents/Developer/Toolchains/XcodeDefault.xctoolchain/usr/lib/libLTO.dylib -dynamic -arch x86_64 -macosx_version_min 10.15.0 -syslibroot /Applications/Xcode.app/Contents/Developer/Platforms/MacOSX.platform/Developer/SDKs/MacOSX10.15.sdk -o /Users/yumeng/Desktop/specularAA/build/CMakeFiles/CMakeTmp/Debug/cmTC_21b4e -L/Users/yumeng/Desktop/specularAA/build/CMakeFiles/CMakeTmp/Debug -filelist /Users/yumeng/Desktop/specularAA/build/CMakeFiles/CMakeTmp/CMAKE_TRY_COMPILE.build/Debug/cmTC_21b4e.build/Objects-normal/x86_64/cmTC_21b4e.LinkFileList -object_path_lto /Users/yumeng/Desktop/specularAA/build/CMakeFiles/CMakeTmp/CMAKE_TRY_COMPILE.build/Debug/cmTC_21b4e.build/Objects-normal/x86_64/cmTC_21b4e_lto.o -no_deduplicate -v -search_paths_first -headerpad_max_install_names -dependency_info /Users/yumeng/Desktop/specularAA/build/CMakeFiles/CMakeTmp/CMAKE_TRY_COMPILE.build/Debug/cmTC_21b4e.build/Objects-normal/x86_64/cmTC_21b4e_dependency_info.dat -lSystem /Applications/Xcode.app/Contents/Developer/Toolchains/XcodeDefault.xctoolchain/usr/lib/clang/11.0.0/lib/darwin/libclang_rt.osx.a -F/Users/yumeng/Desktop/specularAA/build/CMakeFiles/CMakeTmp/Debug
@(#)PROGRAM:ld  PROJECT:ld64-530
BUILD 18:57:17 Dec 13 2019
configured to support archs: armv6 armv7 armv7s arm64 arm64e arm64_32 i386 x86_64 x86_64h armv6m armv7k armv7m armv7em
Library search paths:
	/Users/yumeng/Desktop/specularAA/build/CMakeFiles/CMakeTmp/Debug
	/Applications/Xcode.app/Contents/Developer/Platforms/MacOSX.platform/Developer/SDKs/MacOSX10.15.sdk/usr/lib
Framework search paths:
	/Users/yumeng/Desktop/specularAA/build/CMakeFiles/CMakeTmp/Debug
	/Applications/Xcode.app/Contents/Developer/Platforms/MacOSX.platform/Developer/SDKs/MacOSX10.15.sdk/System/Library/Frameworks/

ProcessProductPackaging "" CMAKE_TRY_COMPILE.build/Debug/cmTC_21b4e.build/cmTC_21b4e.xcent
    cd /Users/yumeng/Desktop/specularAA/build/CMakeFiles/CMakeTmp
    

Entitlements:

{
    "com.apple.security.get-task-allow" = 1;
}


    builtin-productPackagingUtility -entitlements -format xml -o /Users/yumeng/Desktop/specularAA/build/CMakeFiles/CMakeTmp/CMAKE_TRY_COMPILE.build/Debug/cmTC_21b4e.build/cmTC_21b4e.xcent

CodeSign Debug/cmTC_21b4e
    cd /Users/yumeng/Desktop/specularAA/build/CMakeFiles/CMakeTmp
    
Signing Identity:     "-"

    /usr/bin/codesign --force --sign - --entitlements /Users/yumeng/Desktop/specularAA/build/CMakeFiles/CMakeTmp/CMAKE_TRY_COMPILE.build/Debug/cmTC_21b4e.build/cmTC_21b4e.xcent --timestamp=none /Users/yumeng/Desktop/specularAA/build/CMakeFiles/CMakeTmp/Debug/cmTC_21b4e

** BUILD SUCCEEDED **




Parsed C implicit include dir info from above output: rv=done
  found start of include info
  found start of implicit include info
    add: [/Applications/Xcode.app/Contents/Developer/Toolchains/XcodeDefault.xctoolchain/usr/lib/clang/11.0.0/include]
    add: [/Applications/Xcode.app/Contents/Developer/Toolchains/XcodeDefault.xctoolchain/usr/include]
    add: [/Applications/Xcode.app/Contents/Developer/Platforms/MacOSX.platform/Developer/SDKs/MacOSX10.15.sdk/usr/include]
  end of search list found
  collapse include dir [/Applications/Xcode.app/Contents/Developer/Toolchains/XcodeDefault.xctoolchain/usr/lib/clang/11.0.0/include] ==> [/Applications/Xcode.app/Contents/Developer/Toolchains/XcodeDefault.xctoolchain/usr/lib/clang/11.0.0/include]
  collapse include dir [/Applications/Xcode.app/Contents/Developer/Toolchains/XcodeDefault.xctoolchain/usr/include] ==> [/Applications/Xcode.app/Contents/Developer/Toolchains/XcodeDefault.xctoolchain/usr/include]
  collapse include dir [/Applications/Xcode.app/Contents/Developer/Platforms/MacOSX.platform/Developer/SDKs/MacOSX10.15.sdk/usr/include] ==> [/Applications/Xcode.app/Contents/Developer/Platforms/MacOSX.platform/Developer/SDKs/MacOSX10.15.sdk/usr/include]
  implicit include dirs: [/Applications/Xcode.app/Contents/Developer/Toolchains/XcodeDefault.xctoolchain/usr/lib/clang/11.0.0/include;/Applications/Xcode.app/Contents/Developer/Toolchains/XcodeDefault.xctoolchain/usr/include;/Applications/Xcode.app/Contents/Developer/Platforms/MacOSX.platform/Developer/SDKs/MacOSX10.15.sdk/usr/include]


Parsed C implicit link information from above output:
  link line regex: [^( *|.*[/\])(ld|CMAKE_LINK_STARTFILE-NOTFOUND|([^/\]+-)?ld|collect2)[^/\]*( |$)]
  ignore line: [Change Dir: /Users/yumeng/Desktop/specularAA/build/CMakeFiles/CMakeTmp]
  ignore line: []
  ignore line: [Run Build Command(s):/usr/bin/xcodebuild -project CMAKE_TRY_COMPILE.xcodeproj build -target cmTC_21b4e -configuration Debug -hideShellScriptEnvironment && 2020-02-18 09:25:12.770 xcodebuild[6163:321583]  iOSSimulator: [SimServiceContext sharedServiceContextForDeveloperDir:error:] returned nil (Error Domain=DVTCoreSimulatorAdditionsErrorDomain Code=3 "CoreSimulator is out of date. Current version (587.35.0) is older than build version (681.17.2)." UserInfo={NSLocalizedDescription=CoreSimulator is out of date. Current version (587.35.0) is older than build version (681.17.2).}). Simulator device support disabled.]
  ignore line: [User defaults from command line:]
  ignore line: [    HideShellScriptEnvironment = YES]
  ignore line: []
  ignore line: [Prepare build]
  ignore line: [note: Using legacy build system]
  ignore line: [=== BUILD TARGET cmTC_21b4e OF PROJECT CMAKE_TRY_COMPILE WITH CONFIGURATION Debug ===]
  ignore line: []
  ignore line: [Check dependencies]
  ignore line: []
  ignore line: [Write auxiliary files]
  ignore line: [/bin/mkdir -p /Users/yumeng/Desktop/specularAA/build/CMakeFiles/CMakeTmp/CMAKE_TRY_COMPILE.build/Debug/cmTC_21b4e.build/Objects-normal/x86_64]
  ignore line: [write-file /Users/yumeng/Desktop/specularAA/build/CMakeFiles/CMakeTmp/CMAKE_TRY_COMPILE.build/Debug/cmTC_21b4e.build/Objects-normal/x86_64/cmTC_21b4e.LinkFileList]
  ignore line: []
  ignore line: [CompileC CMAKE_TRY_COMPILE.build/Debug/cmTC_21b4e.build/Objects-normal/x86_64/CMakeCCompilerABI.o /Applications/CMake.app/Contents/share/cmake-3.17/Modules/CMakeCCompilerABI.c normal x86_64 c com.apple.compilers.llvm.clang.1_0.compiler]
  ignore line: [    cd /Users/yumeng/Desktop/specularAA/build/CMakeFiles/CMakeTmp]
  ignore line: [    /Applications/Xcode.app/Contents/Developer/Toolchains/XcodeDefault.xctoolchain/usr/bin/clang -x c -target x86_64-apple-macos10.15 -fmessage-length=0 -fdiagnostics-show-note-include-stack -fmacro-backtrace-limit=0 -Wno-trigraphs -fpascal-strings -O0 -Wno-missing-field-initializers -Wno-missing-prototypes -Wno-return-type -Wno-missing-braces -Wparentheses -Wswitch -Wno-unused-function -Wno-unused-label -Wno-unused-parameter -Wno-unused-variable -Wunused-value -Wno-empty-body -Wno-uninitialized -Wno-unknown-pragmas -Wno-shadow -Wno-four-char-constants -Wno-conversion -Wno-constant-conversion -Wno-int-conversion -Wno-bool-conversion -Wno-enum-conversion -Wno-float-conversion -Wno-non-literal-null-conversion -Wno-objc-literal-conversion -Wno-shorten-64-to-32 -Wpointer-sign -Wno-newline-eof -DCMAKE_INTDIR=\"Debug\" -isysroot /Applications/Xcode.app/Contents/Developer/Platforms/MacOSX.platform/Developer/SDKs/MacOSX10.15.sdk -fasm-blocks -fstrict-aliasing -Wdeprecated-declarations -g -Wno-sign-conversion -Wno-infinite-recursion -Wno-comma -Wno-block-capture-autoreleasing -Wno-strict-prototypes -Wno-semicolon-before-method-body -I/Users/yumeng/Desktop/specularAA/build/CMakeFiles/CMakeTmp/Debug/include -I/Users/yumeng/Desktop/specularAA/build/CMakeFiles/CMakeTmp/CMAKE_TRY_COMPILE.build/Debug/cmTC_21b4e.build/DerivedSources-normal/x86_64 -I/Users/yumeng/Desktop/specularAA/build/CMakeFiles/CMakeTmp/CMAKE_TRY_COMPILE.build/Debug/cmTC_21b4e.build/DerivedSources/x86_64 -I/Users/yumeng/Desktop/specularAA/build/CMakeFiles/CMakeTmp/CMAKE_TRY_COMPILE.build/Debug/cmTC_21b4e.build/DerivedSources -F/Users/yumeng/Desktop/specularAA/build/CMakeFiles/CMakeTmp/Debug -v -Wl -v -MMD -MT dependencies -MF /Users/yumeng/Desktop/specularAA/build/CMakeFiles/CMakeTmp/CMAKE_TRY_COMPILE.build/Debug/cmTC_21b4e.build/Objects-normal/x86_64/CMakeCCompilerABI.d --serialize-diagnostics /Users/yumeng/Desktop/specularAA/build/CMakeFiles/CMakeTmp/CMAKE_TRY_COMPILE.build/Debug/cmTC_21b4e.build/Objects-normal/x86_64/CMakeCCompilerABI.dia -c /Applications/CMake.app/Contents/share/cmake-3.17/Modules/CMakeCCompilerABI.c -o /Users/yumeng/Desktop/specularAA/build/CMakeFiles/CMakeTmp/CMAKE_TRY_COMPILE.build/Debug/cmTC_21b4e.build/Objects-normal/x86_64/CMakeCCompilerABI.o]
  ignore line: [Apple clang version 11.0.0 (clang-1100.0.33.17)]
  ignore line: [Target: x86_64-apple-macos10.15]
  ignore line: [Thread model: posix]
  ignore line: [InstalledDir: /Applications/Xcode.app/Contents/Developer/Toolchains/XcodeDefault.xctoolchain/usr/bin]
  ignore line: [clang: warning: -Wl -v: 'linker' input unused [-Wunused-command-line-argument]]
  ignore line: [ "/Applications/Xcode.app/Contents/Developer/Toolchains/XcodeDefault.xctoolchain/usr/bin/clang" -cc1 -triple x86_64-apple-macosx10.15.0 -Wdeprecated-objc-isa-usage -Werror=deprecated-objc-isa-usage -emit-obj -mrelax-all -disable-free -disable-llvm-verifier -discard-value-names -main-file-name CMakeCCompilerABI.c -mrelocation-model pic -pic-level 2 -mthread-model posix -mdisable-fp-elim -fno-strict-return -masm-verbose -munwind-tables -target-sdk-version=10.15 -target-cpu penryn -dwarf-column-info -debug-info-kind=standalone -dwarf-version=4 -debugger-tuning=lldb -ggnu-pubnames -target-linker-version 530 -v -coverage-notes-file /Users/yumeng/Desktop/specularAA/build/CMakeFiles/CMakeTmp/CMAKE_TRY_COMPILE.build/Debug/cmTC_21b4e.build/Objects-normal/x86_64/CMakeCCompilerABI.gcno -resource-dir /Applications/Xcode.app/Contents/Developer/Toolchains/XcodeDefault.xctoolchain/usr/lib/clang/11.0.0 -dependency-file /Users/yumeng/Desktop/specularAA/build/CMakeFiles/CMakeTmp/CMAKE_TRY_COMPILE.build/Debug/cmTC_21b4e.build/Objects-normal/x86_64/CMakeCCompilerABI.d -skip-unused-modulemap-deps -MT dependencies -isysroot /Applications/Xcode.app/Contents/Developer/Platforms/MacOSX.platform/Developer/SDKs/MacOSX10.15.sdk -D "CMAKE_INTDIR=\"Debug\"" -I /Users/yumeng/Desktop/specularAA/build/CMakeFiles/CMakeTmp/Debug/include -I /Users/yumeng/Desktop/specularAA/build/CMakeFiles/CMakeTmp/CMAKE_TRY_COMPILE.build/Debug/cmTC_21b4e.build/DerivedSources-normal/x86_64 -I /Users/yumeng/Desktop/specularAA/build/CMakeFiles/CMakeTmp/CMAKE_TRY_COMPILE.build/Debug/cmTC_21b4e.build/DerivedSources/x86_64 -I /Users/yumeng/Desktop/specularAA/build/CMakeFiles/CMakeTmp/CMAKE_TRY_COMPILE.build/Debug/cmTC_21b4e.build/DerivedSources -F/Users/yumeng/Desktop/specularAA/build/CMakeFiles/CMakeTmp/Debug -O0 -Wno-trigraphs -Wno-missing-field-initializers -Wno-missing-prototypes -Wno-return-type -Wno-missing-braces -Wparentheses -Wswitch -Wno-unused-function -Wno-unused-label -Wno-unused-parameter -Wno-unused-variable -Wunused-value -Wno-empty-body -Wno-uninitialized -Wno-unknown-pragmas -Wno-shadow -Wno-four-char-constants -Wno-conversion -Wno-constant-conversion -Wno-int-conversion -Wno-bool-conversion -Wno-enum-conversion -Wno-float-conversion -Wno-non-literal-null-conversion -Wno-objc-literal-conversion -Wno-shorten-64-to-32 -Wpointer-sign -Wno-newline-eof -Wdeprecated-declarations -Wno-sign-conversion -Wno-infinite-recursion -Wno-comma -Wno-block-capture-autoreleasing -Wno-strict-prototypes -Wno-semicolon-before-method-body -Wno-framework-include-private-from-public -Wno-atimport-in-framework-header -Wno-extra-semi-stmt -Wno-quoted-include-in-framework-header -fdebug-compilation-dir /Users/yumeng/Desktop/specularAA/build/CMakeFiles/CMakeTmp -ferror-limit 19 -fmacro-backtrace-limit 0 -fmessage-length 0 -stack-protector 1 -fstack-check -mdarwin-stkchk-strong-link -fblocks -fencode-extended-block-signature -fregister-global-dtors-with-atexit -fobjc-runtime=macosx-10.15.0 -fpascal-strings -fmax-type-align=16 -fdiagnostics-show-option -fdiagnostics-show-note-include-stack -fasm-blocks -serialize-diagnostic-file /Users/yumeng/Desktop/specularAA/build/CMakeFiles/CMakeTmp/CMAKE_TRY_COMPILE.build/Debug/cmTC_21b4e.build/Objects-normal/x86_64/CMakeCCompilerABI.dia -o /Users/yumeng/Desktop/specularAA/build/CMakeFiles/CMakeTmp/CMAKE_TRY_COMPILE.build/Debug/cmTC_21b4e.build/Objects-normal/x86_64/CMakeCCompilerABI.o -x c /Applications/CMake.app/Contents/share/cmake-3.17/Modules/CMakeCCompilerABI.c]
  ignore line: [clang -cc1 version 11.0.0 (clang-1100.0.33.17) default target x86_64-apple-darwin19.0.0]
  ignore line: [ignoring nonexistent directory "/Users/yumeng/Desktop/specularAA/build/CMakeFiles/CMakeTmp/Debug/include"]
  ignore line: [ignoring nonexistent directory "/Users/yumeng/Desktop/specularAA/build/CMakeFiles/CMakeTmp/CMAKE_TRY_COMPILE.build/Debug/cmTC_21b4e.build/DerivedSources-normal/x86_64"]
  ignore line: [ignoring nonexistent directory "/Users/yumeng/Desktop/specularAA/build/CMakeFiles/CMakeTmp/CMAKE_TRY_COMPILE.build/Debug/cmTC_21b4e.build/DerivedSources/x86_64"]
  ignore line: [ignoring nonexistent directory "/Users/yumeng/Desktop/specularAA/build/CMakeFiles/CMakeTmp/CMAKE_TRY_COMPILE.build/Debug/cmTC_21b4e.build/DerivedSources"]
  ignore line: [ignoring nonexistent directory "/Users/yumeng/Desktop/specularAA/build/CMakeFiles/CMakeTmp/Debug"]
  ignore line: [ignoring nonexistent directory "/Applications/Xcode.app/Contents/Developer/Platforms/MacOSX.platform/Developer/SDKs/MacOSX10.15.sdk/usr/local/include"]
  ignore line: [ignoring nonexistent directory "/Applications/Xcode.app/Contents/Developer/Platforms/MacOSX.platform/Developer/SDKs/MacOSX10.15.sdk/Library/Frameworks"]
  ignore line: [#include "..." search starts here:]
  ignore line: [#include <...> search starts here:]
  ignore line: [ /Applications/Xcode.app/Contents/Developer/Toolchains/XcodeDefault.xctoolchain/usr/lib/clang/11.0.0/include]
  ignore line: [ /Applications/Xcode.app/Contents/Developer/Toolchains/XcodeDefault.xctoolchain/usr/include]
  ignore line: [ /Applications/Xcode.app/Contents/Developer/Platforms/MacOSX.platform/Developer/SDKs/MacOSX10.15.sdk/usr/include]
  ignore line: [ /Applications/Xcode.app/Contents/Developer/Platforms/MacOSX.platform/Developer/SDKs/MacOSX10.15.sdk/System/Library/Frameworks (framework directory)]
  ignore line: [End of search list.]
  ignore line: []
  ignore line: [Ld Debug/cmTC_21b4e normal x86_64]
  ignore line: [    cd /Users/yumeng/Desktop/specularAA/build/CMakeFiles/CMakeTmp]
  ignore line: [    /Applications/Xcode.app/Contents/Developer/Toolchains/XcodeDefault.xctoolchain/usr/bin/clang -target x86_64-apple-macos10.15 -isysroot /Applications/Xcode.app/Contents/Developer/Platforms/MacOSX.platform/Developer/SDKs/MacOSX10.15.sdk -L/Users/yumeng/Desktop/specularAA/build/CMakeFiles/CMakeTmp/Debug -F/Users/yumeng/Desktop/specularAA/build/CMakeFiles/CMakeTmp/Debug -filelist /Users/yumeng/Desktop/specularAA/build/CMakeFiles/CMakeTmp/CMAKE_TRY_COMPILE.build/Debug/cmTC_21b4e.build/Objects-normal/x86_64/cmTC_21b4e.LinkFileList -Xlinker -object_path_lto -Xlinker /Users/yumeng/Desktop/specularAA/build/CMakeFiles/CMakeTmp/CMAKE_TRY_COMPILE.build/Debug/cmTC_21b4e.build/Objects-normal/x86_64/cmTC_21b4e_lto.o -Xlinker -no_deduplicate -v -Wl -v -Wl -search_paths_first -Wl -headerpad_max_install_names -Xlinker -dependency_info -Xlinker /Users/yumeng/Desktop/specularAA/build/CMakeFiles/CMakeTmp/CMAKE_TRY_COMPILE.build/Debug/cmTC_21b4e.build/Objects-normal/x86_64/cmTC_21b4e_dependency_info.dat -o /Users/yumeng/Desktop/specularAA/build/CMakeFiles/CMakeTmp/Debug/cmTC_21b4e]
  ignore line: [Apple clang version 11.0.0 (clang-1100.0.33.17)]
  ignore line: [Target: x86_64-apple-macos10.15]
  ignore line: [Thread model: posix]
  ignore line: [InstalledDir: /Applications/Xcode.app/Contents/Developer/Toolchains/XcodeDefault.xctoolchain/usr/bin]
  reduced line: [ "/Applications/Xcode.app/Contents/Developer/Toolchains/XcodeDefault.xctoolchain/usr/bin/ld" -demangle -lto_library /Applications/Xcode.app/Contents/Developer/Toolchains/XcodeDefault.xctoolchain/usr/lib/libLTO.dylib -dynamic -arch x86_64 -macosx_version_min 10.15.0 -syslibroot /Applications/Xcode.app/Contents/Developer/Platforms/MacOSX.platform/Developer/SDKs/MacOSX10.15.sdk -o /Users/yumeng/Desktop/specularAA/build/CMakeFiles/CMakeTmp/Debug/cmTC_21b4e -L/Users/yumeng/Desktop/specularAA/build/CMakeFiles/CMakeTmp/Debug -filelist /Users/yumeng/Desktop/specularAA/build/CMakeFiles/CMakeTmp/CMAKE_TRY_COMPILE.build/Debug/cmTC_21b4e.build/Objects-normal/x86_64/cmTC_21b4e.LinkFileList -object_path_lto /Users/yumeng/Desktop/specularAA/build/CMakeFiles/CMakeTmp/CMAKE_TRY_COMPILE.build/Debug/cmTC_21b4e.build/Objects-normal/x86_64/cmTC_21b4e_lto.o -no_deduplicate -v -search_paths_first -headerpad_max_install_names -dependency_info /Users/yumeng/Desktop/specularAA/build/CMakeFiles/CMakeTmp/CMAKE_TRY_COMPILE.build/Debug/cmTC_21b4e.build/Objects-normal/x86_64/cmTC_21b4e_dependency_info.dat -lSystem /Applications/Xcode.app/Contents/Developer/Toolchains/XcodeDefault.xctoolchain/usr/lib/clang/11.0.0/lib/darwin/libclang_rt.osx.a -F/Users/yumeng/Desktop/specularAA/build/CMakeFiles/CMakeTmp/Debug]
            to: [ "/Applications/Xcode.app/Contents/Developer/Toolchains/XcodeDefault.xctoolchain/usr/bin/ld" -demangle -lto_library /Applications/Xcode.app/Contents/Developer/Toolchains/XcodeDefault.xctoolchain/usr/lib/libLTO.dylib -dynamic -arch x86_64 -macosx_version_min 10.15.0 -syslibroot /Applications/Xcode.app/Contents/Developer/Platforms/MacOSX.platform/Developer/SDKs/MacOSX10.15.sdk -o /Users/yumeng/Desktop/specularAA/build/CMakeFiles/CMakeTmp/Debug/cmTC_21b4e -filelist /Users/yumeng/Desktop/specularAA/build/CMakeFiles/CMakeTmp/CMAKE_TRY_COMPILE.build/Debug/cmTC_21b4e.build/Objects-normal/x86_64/cmTC_21b4e.LinkFileList -object_path_lto /Users/yumeng/Desktop/specularAA/build/CMakeFiles/CMakeTmp/CMAKE_TRY_COMPILE.build/Debug/cmTC_21b4e.build/Objects-normal/x86_64/cmTC_21b4e_lto.o -no_deduplicate -v -search_paths_first -headerpad_max_install_names -dependency_info /Users/yumeng/Desktop/specularAA/build/CMakeFiles/CMakeTmp/CMAKE_TRY_COMPILE.build/Debug/cmTC_21b4e.build/Objects-normal/x86_64/cmTC_21b4e_dependency_info.dat -lSystem /Applications/Xcode.app/Contents/Developer/Toolchains/XcodeDefault.xctoolchain/usr/lib/clang/11.0.0/lib/darwin/libclang_rt.osx.a ]
  link line: [ "/Applications/Xcode.app/Contents/Developer/Toolchains/XcodeDefault.xctoolchain/usr/bin/ld" -demangle -lto_library /Applications/Xcode.app/Contents/Developer/Toolchains/XcodeDefault.xctoolchain/usr/lib/libLTO.dylib -dynamic -arch x86_64 -macosx_version_min 10.15.0 -syslibroot /Applications/Xcode.app/Contents/Developer/Platforms/MacOSX.platform/Developer/SDKs/MacOSX10.15.sdk -o /Users/yumeng/Desktop/specularAA/build/CMakeFiles/CMakeTmp/Debug/cmTC_21b4e -filelist /Users/yumeng/Desktop/specularAA/build/CMakeFiles/CMakeTmp/CMAKE_TRY_COMPILE.build/Debug/cmTC_21b4e.build/Objects-normal/x86_64/cmTC_21b4e.LinkFileList -object_path_lto /Users/yumeng/Desktop/specularAA/build/CMakeFiles/CMakeTmp/CMAKE_TRY_COMPILE.build/Debug/cmTC_21b4e.build/Objects-normal/x86_64/cmTC_21b4e_lto.o -no_deduplicate -v -search_paths_first -headerpad_max_install_names -dependency_info /Users/yumeng/Desktop/specularAA/build/CMakeFiles/CMakeTmp/CMAKE_TRY_COMPILE.build/Debug/cmTC_21b4e.build/Objects-normal/x86_64/cmTC_21b4e_dependency_info.dat -lSystem /Applications/Xcode.app/Contents/Developer/Toolchains/XcodeDefault.xctoolchain/usr/lib/clang/11.0.0/lib/darwin/libclang_rt.osx.a ]
    arg [/Applications/Xcode.app/Contents/Developer/Toolchains/XcodeDefault.xctoolchain/usr/bin/ld] ==> ignore
    arg [-demangle] ==> ignore
    arg [-lto_library] ==> ignore, skip following value
    arg [/Applications/Xcode.app/Contents/Developer/Toolchains/XcodeDefault.xctoolchain/usr/lib/libLTO.dylib] ==> skip value of -lto_library
    arg [-dynamic] ==> ignore
    arg [-arch] ==> ignore
    arg [x86_64] ==> ignore
    arg [-macosx_version_min] ==> ignore
    arg [10.15.0] ==> ignore
    arg [-syslibroot] ==> ignore
    arg [/Applications/Xcode.app/Contents/Developer/Platforms/MacOSX.platform/Developer/SDKs/MacOSX10.15.sdk] ==> ignore
    arg [-o] ==> ignore
    arg [/Users/yumeng/Desktop/specularAA/build/CMakeFiles/CMakeTmp/Debug/cmTC_21b4e] ==> ignore
    arg [-filelist] ==> ignore
    arg [/Users/yumeng/Desktop/specularAA/build/CMakeFiles/CMakeTmp/CMAKE_TRY_COMPILE.build/Debug/cmTC_21b4e.build/Objects-normal/x86_64/cmTC_21b4e.LinkFileList] ==> ignore
    arg [-object_path_lto] ==> ignore
    arg [/Users/yumeng/Desktop/specularAA/build/CMakeFiles/CMakeTmp/CMAKE_TRY_COMPILE.build/Debug/cmTC_21b4e.build/Objects-normal/x86_64/cmTC_21b4e_lto.o] ==> ignore
    arg [-no_deduplicate] ==> ignore
    arg [-v] ==> ignore
    arg [-search_paths_first] ==> ignore
    arg [-headerpad_max_install_names] ==> ignore
    arg [-dependency_info] ==> ignore
    arg [/Users/yumeng/Desktop/specularAA/build/CMakeFiles/CMakeTmp/CMAKE_TRY_COMPILE.build/Debug/cmTC_21b4e.build/Objects-normal/x86_64/cmTC_21b4e_dependency_info.dat] ==> ignore
    arg [-lSystem] ==> lib [System]
    arg [/Applications/Xcode.app/Contents/Developer/Toolchains/XcodeDefault.xctoolchain/usr/lib/clang/11.0.0/lib/darwin/libclang_rt.osx.a] ==> lib [/Applications/Xcode.app/Contents/Developer/Toolchains/XcodeDefault.xctoolchain/usr/lib/clang/11.0.0/lib/darwin/libclang_rt.osx.a]
  Library search paths: [;/Users/yumeng/Desktop/specularAA/build/CMakeFiles/CMakeTmp/Debug;/Applications/Xcode.app/Contents/Developer/Platforms/MacOSX.platform/Developer/SDKs/MacOSX10.15.sdk/usr/lib]
  Framework search paths: [;/Users/yumeng/Desktop/specularAA/build/CMakeFiles/CMakeTmp/Debug;/Applications/Xcode.app/Contents/Developer/Platforms/MacOSX.platform/Developer/SDKs/MacOSX10.15.sdk/System/Library/Frameworks/]
  remove lib [System]
  remove lib [/Applications/Xcode.app/Contents/Developer/Toolchains/XcodeDefault.xctoolchain/usr/lib/clang/11.0.0/lib/darwin/libclang_rt.osx.a]
  collapse library dir [/Users/yumeng/Desktop/specularAA/build/CMakeFiles/CMakeTmp/Debug] ==> [/Users/yumeng/Desktop/specularAA/build/CMakeFiles/CMakeTmp/Debug], skipping non-system directory
  collapse library dir [/Applications/Xcode.app/Contents/Developer/Platforms/MacOSX.platform/Developer/SDKs/MacOSX10.15.sdk/usr/lib] ==> [/Applications/Xcode.app/Contents/Developer/Platforms/MacOSX.platform/Developer/SDKs/MacOSX10.15.sdk/usr/lib]
  collapse framework dir [/Users/yumeng/Desktop/specularAA/build/CMakeFiles/CMakeTmp/Debug] ==> [/Users/yumeng/Desktop/specularAA/build/CMakeFiles/CMakeTmp/Debug], skipping non-system directory
  collapse framework dir [/Applications/Xcode.app/Contents/Developer/Platforms/MacOSX.platform/Developer/SDKs/MacOSX10.15.sdk/System/Library/Frameworks/] ==> [/Applications/Xcode.app/Contents/Developer/Platforms/MacOSX.platform/Developer/SDKs/MacOSX10.15.sdk/System/Library/Frameworks]
  implicit libs: []
  implicit dirs: [/Applications/Xcode.app/Contents/Developer/Platforms/MacOSX.platform/Developer/SDKs/MacOSX10.15.sdk/usr/lib]
  implicit fwks: [/Applications/Xcode.app/Contents/Developer/Platforms/MacOSX.platform/Developer/SDKs/MacOSX10.15.sdk/System/Library/Frameworks]


Determining if the include file pthread.h exists passed with the following output:
Change Dir: /Users/yumeng/Desktop/specularAA/build/CMakeFiles/CMakeTmp

Run Build Command(s):/usr/bin/xcodebuild -project CMAKE_TRY_COMPILE.xcodeproj build -target cmTC_c4b4c -configuration Debug -hideShellScriptEnvironment && User defaults from command line:
    HideShellScriptEnvironment = YES

2020-02-18 09:25:13.609 xcodebuild[6181:321772]  iOSSimulator: [SimServiceContext sharedServiceContextForDeveloperDir:error:] returned nil (Error Domain=DVTCoreSimulatorAdditionsErrorDomain Code=3 "CoreSimulator is out of date. Current version (587.35.0) is older than build version (681.17.2)." UserInfo={NSLocalizedDescription=CoreSimulator is out of date. Current version (587.35.0) is older than build version (681.17.2).}). Simulator device support disabled.
Prepare build
note: Using legacy build system
=== BUILD TARGET cmTC_c4b4c OF PROJECT CMAKE_TRY_COMPILE WITH CONFIGURATION Debug ===

Check dependencies

Write auxiliary files
/bin/mkdir -p /Users/yumeng/Desktop/specularAA/build/CMakeFiles/CMakeTmp/CMAKE_TRY_COMPILE.build/Debug/cmTC_c4b4c.build/Objects-normal/x86_64
write-file /Users/yumeng/Desktop/specularAA/build/CMakeFiles/CMakeTmp/CMAKE_TRY_COMPILE.build/Debug/cmTC_c4b4c.build/Objects-normal/x86_64/cmTC_c4b4c.LinkFileList

CompileC CMAKE_TRY_COMPILE.build/Debug/cmTC_c4b4c.build/Objects-normal/x86_64/CheckIncludeFile.o CheckIncludeFile.c normal x86_64 c com.apple.compilers.llvm.clang.1_0.compiler
    cd /Users/yumeng/Desktop/specularAA/build/CMakeFiles/CMakeTmp
    /Applications/Xcode.app/Contents/Developer/Toolchains/XcodeDefault.xctoolchain/usr/bin/clang -x c -target x86_64-apple-macos10.15 -fmessage-length=0 -fdiagnostics-show-note-include-stack -fmacro-backtrace-limit=0 -Wno-trigraphs -fpascal-strings -O0 -Wno-missing-field-initializers -Wno-missing-prototypes -Wno-return-type -Wno-missing-braces -Wparentheses -Wswitch -Wno-unused-function -Wno-unused-label -Wno-unused-parameter -Wno-unused-variable -Wunused-value -Wno-empty-body -Wno-uninitialized -Wno-unknown-pragmas -Wno-shadow -Wno-four-char-constants -Wno-conversion -Wno-constant-conversion -Wno-int-conversion -Wno-bool-conversion -Wno-enum-conversion -Wno-float-conversion -Wno-non-literal-null-conversion -Wno-objc-literal-conversion -Wno-shorten-64-to-32 -Wpointer-sign -Wno-newline-eof -DCMAKE_INTDIR=\"Debug\" -isysroot /Applications/Xcode.app/Contents/Developer/Platforms/MacOSX.platform/Developer/SDKs/MacOSX10.15.sdk -fasm-blocks -fstrict-aliasing -Wdeprecated-declarations -g -Wno-sign-conversion -Wno-infinite-recursion -Wno-comma -Wno-block-capture-autoreleasing -Wno-strict-prototypes -Wno-semicolon-before-method-body -I/Users/yumeng/Desktop/specularAA/build/CMakeFiles/CMakeTmp/Debug/include -I/Users/yumeng/Desktop/specularAA/build/CMakeFiles/CMakeTmp/CMAKE_TRY_COMPILE.build/Debug/cmTC_c4b4c.build/DerivedSources-normal/x86_64 -I/Users/yumeng/Desktop/specularAA/build/CMakeFiles/CMakeTmp/CMAKE_TRY_COMPILE.build/Debug/cmTC_c4b4c.build/DerivedSources/x86_64 -I/Users/yumeng/Desktop/specularAA/build/CMakeFiles/CMakeTmp/CMAKE_TRY_COMPILE.build/Debug/cmTC_c4b4c.build/DerivedSources -F/Users/yumeng/Desktop/specularAA/build/CMakeFiles/CMakeTmp/Debug -MMD -MT dependencies -MF /Users/yumeng/Desktop/specularAA/build/CMakeFiles/CMakeTmp/CMAKE_TRY_COMPILE.build/Debug/cmTC_c4b4c.build/Objects-normal/x86_64/CheckIncludeFile.d --serialize-diagnostics /Users/yumeng/Desktop/specularAA/build/CMakeFiles/CMakeTmp/CMAKE_TRY_COMPILE.build/Debug/cmTC_c4b4c.build/Objects-normal/x86_64/CheckIncludeFile.dia -c /Users/yumeng/Desktop/specularAA/build/CMakeFiles/CMakeTmp/CheckIncludeFile.c -o /Users/yumeng/Desktop/specularAA/build/CMakeFiles/CMakeTmp/CMAKE_TRY_COMPILE.build/Debug/cmTC_c4b4c.build/Objects-normal/x86_64/CheckIncludeFile.o

Ld Debug/cmTC_c4b4c normal x86_64
    cd /Users/yumeng/Desktop/specularAA/build/CMakeFiles/CMakeTmp
    /Applications/Xcode.app/Contents/Developer/Toolchains/XcodeDefault.xctoolchain/usr/bin/clang -target x86_64-apple-macos10.15 -isysroot /Applications/Xcode.app/Contents/Developer/Platforms/MacOSX.platform/Developer/SDKs/MacOSX10.15.sdk -L/Users/yumeng/Desktop/specularAA/build/CMakeFiles/CMakeTmp/Debug -F/Users/yumeng/Desktop/specularAA/build/CMakeFiles/CMakeTmp/Debug -filelist /Users/yumeng/Desktop/specularAA/build/CMakeFiles/CMakeTmp/CMAKE_TRY_COMPILE.build/Debug/cmTC_c4b4c.build/Objects-normal/x86_64/cmTC_c4b4c.LinkFileList -Xlinker -object_path_lto -Xlinker /Users/yumeng/Desktop/specularAA/build/CMakeFiles/CMakeTmp/CMAKE_TRY_COMPILE.build/Debug/cmTC_c4b4c.build/Objects-normal/x86_64/cmTC_c4b4c_lto.o -Xlinker -no_deduplicate -Wl,-search_paths_first -Wl,-headerpad_max_install_names -Xlinker -dependency_info -Xlinker /Users/yumeng/Desktop/specularAA/build/CMakeFiles/CMakeTmp/CMAKE_TRY_COMPILE.build/Debug/cmTC_c4b4c.build/Objects-normal/x86_64/cmTC_c4b4c_dependency_info.dat -o /Users/yumeng/Desktop/specularAA/build/CMakeFiles/CMakeTmp/Debug/cmTC_c4b4c

ProcessProductPackaging "" CMAKE_TRY_COMPILE.build/Debug/cmTC_c4b4c.build/cmTC_c4b4c.xcent
    cd /Users/yumeng/Desktop/specularAA/build/CMakeFiles/CMakeTmp
    

Entitlements:

{
    "com.apple.security.get-task-allow" = 1;
}


    builtin-productPackagingUtility -entitlements -format xml -o /Users/yumeng/Desktop/specularAA/build/CMakeFiles/CMakeTmp/CMAKE_TRY_COMPILE.build/Debug/cmTC_c4b4c.build/cmTC_c4b4c.xcent

CodeSign Debug/cmTC_c4b4c
    cd /Users/yumeng/Desktop/specularAA/build/CMakeFiles/CMakeTmp
    
Signing Identity:     "-"

    /usr/bin/codesign --force --sign - --entitlements /Users/yumeng/Desktop/specularAA/build/CMakeFiles/CMakeTmp/CMAKE_TRY_COMPILE.build/Debug/cmTC_c4b4c.build/cmTC_c4b4c.xcent --timestamp=none /Users/yumeng/Desktop/specularAA/build/CMakeFiles/CMakeTmp/Debug/cmTC_c4b4c

** BUILD SUCCEEDED **




Performing C SOURCE FILE Test CMAKE_HAVE_LIBC_PTHREAD succeeded with the following output:
Change Dir: /Users/yumeng/Desktop/specularAA/build/CMakeFiles/CMakeTmp

Run Build Command(s):/usr/bin/xcodebuild -project CMAKE_TRY_COMPILE.xcodeproj build -target cmTC_70235 -configuration Debug -hideShellScriptEnvironment && User defaults from command line:
    HideShellScriptEnvironment = YES

2020-02-18 09:25:14.524 xcodebuild[6198:321952]  iOSSimulator: [SimServiceContext sharedServiceContextForDeveloperDir:error:] returned nil (Error Domain=DVTCoreSimulatorAdditionsErrorDomain Code=3 "CoreSimulator is out of date. Current version (587.35.0) is older than build version (681.17.2)." UserInfo={NSLocalizedDescription=CoreSimulator is out of date. Current version (587.35.0) is older than build version (681.17.2).}). Simulator device support disabled.
Prepare build
note: Using legacy build system
=== BUILD TARGET cmTC_70235 OF PROJECT CMAKE_TRY_COMPILE WITH CONFIGURATION Debug ===

Check dependencies

Write auxiliary files
/bin/mkdir -p /Users/yumeng/Desktop/specularAA/build/CMakeFiles/CMakeTmp/CMAKE_TRY_COMPILE.build/Debug/cmTC_70235.build/Objects-normal/x86_64
write-file /Users/yumeng/Desktop/specularAA/build/CMakeFiles/CMakeTmp/CMAKE_TRY_COMPILE.build/Debug/cmTC_70235.build/Objects-normal/x86_64/cmTC_70235.LinkFileList

CompileC CMAKE_TRY_COMPILE.build/Debug/cmTC_70235.build/Objects-normal/x86_64/src.o src.c normal x86_64 c com.apple.compilers.llvm.clang.1_0.compiler
    cd /Users/yumeng/Desktop/specularAA/build/CMakeFiles/CMakeTmp
    /Applications/Xcode.app/Contents/Developer/Toolchains/XcodeDefault.xctoolchain/usr/bin/clang -x c -target x86_64-apple-macos10.15 -fmessage-length=0 -fdiagnostics-show-note-include-stack -fmacro-backtrace-limit=0 -Wno-trigraphs -fpascal-strings -O0 -Wno-missing-field-initializers -Wno-missing-prototypes -Wno-return-type -Wno-missing-braces -Wparentheses -Wswitch -Wno-unused-function -Wno-unused-label -Wno-unused-parameter -Wno-unused-variable -Wunused-value -Wno-empty-body -Wno-uninitialized -Wno-unknown-pragmas -Wno-shadow -Wno-four-char-constants -Wno-conversion -Wno-constant-conversion -Wno-int-conversion -Wno-bool-conversion -Wno-enum-conversion -Wno-float-conversion -Wno-non-literal-null-conversion -Wno-objc-literal-conversion -Wno-shorten-64-to-32 -Wpointer-sign -Wno-newline-eof -DCMAKE_INTDIR=\"Debug\" -isysroot /Applications/Xcode.app/Contents/Developer/Platforms/MacOSX.platform/Developer/SDKs/MacOSX10.15.sdk -fasm-blocks -fstrict-aliasing -Wdeprecated-declarations -g -Wno-sign-conversion -Wno-infinite-recursion -Wno-comma -Wno-block-capture-autoreleasing -Wno-strict-prototypes -Wno-semicolon-before-method-body -I/Users/yumeng/Desktop/specularAA/build/CMakeFiles/CMakeTmp/Debug/include -I/Users/yumeng/Desktop/specularAA/build/CMakeFiles/CMakeTmp/CMAKE_TRY_COMPILE.build/Debug/cmTC_70235.build/DerivedSources-normal/x86_64 -I/Users/yumeng/Desktop/specularAA/build/CMakeFiles/CMakeTmp/CMAKE_TRY_COMPILE.build/Debug/cmTC_70235.build/DerivedSources/x86_64 -I/Users/yumeng/Desktop/specularAA/build/CMakeFiles/CMakeTmp/CMAKE_TRY_COMPILE.build/Debug/cmTC_70235.build/DerivedSources -F/Users/yumeng/Desktop/specularAA/build/CMakeFiles/CMakeTmp/Debug -DCMAKE_HAVE_LIBC_PTHREAD -MMD -MT dependencies -MF /Users/yumeng/Desktop/specularAA/build/CMakeFiles/CMakeTmp/CMAKE_TRY_COMPILE.build/Debug/cmTC_70235.build/Objects-normal/x86_64/src.d --serialize-diagnostics /Users/yumeng/Desktop/specularAA/build/CMakeFiles/CMakeTmp/CMAKE_TRY_COMPILE.build/Debug/cmTC_70235.build/Objects-normal/x86_64/src.dia -c /Users/yumeng/Desktop/specularAA/build/CMakeFiles/CMakeTmp/src.c -o /Users/yumeng/Desktop/specularAA/build/CMakeFiles/CMakeTmp/CMAKE_TRY_COMPILE.build/Debug/cmTC_70235.build/Objects-normal/x86_64/src.o

Ld Debug/cmTC_70235 normal x86_64
    cd /Users/yumeng/Desktop/specularAA/build/CMakeFiles/CMakeTmp
    /Applications/Xcode.app/Contents/Developer/Toolchains/XcodeDefault.xctoolchain/usr/bin/clang -target x86_64-apple-macos10.15 -isysroot /Applications/Xcode.app/Contents/Developer/Platforms/MacOSX.platform/Developer/SDKs/MacOSX10.15.sdk -L/Users/yumeng/Desktop/specularAA/build/CMakeFiles/CMakeTmp/Debug -F/Users/yumeng/Desktop/specularAA/build/CMakeFiles/CMakeTmp/Debug -filelist /Users/yumeng/Desktop/specularAA/build/CMakeFiles/CMakeTmp/CMAKE_TRY_COMPILE.build/Debug/cmTC_70235.build/Objects-normal/x86_64/cmTC_70235.LinkFileList -Xlinker -object_path_lto -Xlinker /Users/yumeng/Desktop/specularAA/build/CMakeFiles/CMakeTmp/CMAKE_TRY_COMPILE.build/Debug/cmTC_70235.build/Objects-normal/x86_64/cmTC_70235_lto.o -Xlinker -no_deduplicate -Wl,-search_paths_first -Wl,-headerpad_max_install_names -Xlinker -dependency_info -Xlinker /Users/yumeng/Desktop/specularAA/build/CMakeFiles/CMakeTmp/CMAKE_TRY_COMPILE.build/Debug/cmTC_70235.build/Objects-normal/x86_64/cmTC_70235_dependency_info.dat -o /Users/yumeng/Desktop/specularAA/build/CMakeFiles/CMakeTmp/Debug/cmTC_70235

ProcessProductPackaging "" CMAKE_TRY_COMPILE.build/Debug/cmTC_70235.build/cmTC_70235.xcent
    cd /Users/yumeng/Desktop/specularAA/build/CMakeFiles/CMakeTmp
    

Entitlements:

{
    "com.apple.security.get-task-allow" = 1;
}


    builtin-productPackagingUtility -entitlements -format xml -o /Users/yumeng/Desktop/specularAA/build/CMakeFiles/CMakeTmp/CMAKE_TRY_COMPILE.build/Debug/cmTC_70235.build/cmTC_70235.xcent

CodeSign Debug/cmTC_70235
    cd /Users/yumeng/Desktop/specularAA/build/CMakeFiles/CMakeTmp
    
Signing Identity:     "-"

    /usr/bin/codesign --force --sign - --entitlements /Users/yumeng/Desktop/specularAA/build/CMakeFiles/CMakeTmp/CMAKE_TRY_COMPILE.build/Debug/cmTC_70235.build/cmTC_70235.xcent --timestamp=none /Users/yumeng/Desktop/specularAA/build/CMakeFiles/CMakeTmp/Debug/cmTC_70235

** BUILD SUCCEEDED **



Source file was:
#include <pthread.h>

void* test_func(void* data)
{
  return data;
}

int main(void)
{
  pthread_t thread;
  pthread_create(&thread, NULL, test_func, NULL);
  pthread_detach(thread);
  pthread_cancel(thread);
  pthread_join(thread, NULL);
  pthread_atfork(NULL, NULL, NULL);
  pthread_exit(NULL);

  return 0;
}

